<?xml version="1.0" encoding="UTF-8"?>
<coverage generated="1552353554871" clover="3.2.0">
  <project timestamp="1552353554871" name="All files">
    <metrics statements="17" coveredstatements="0" conditionals="0" coveredconditionals="0" methods="12" coveredmethods="0" elements="29" coveredelements="0" complexity="0" loc="17" ncloc="17" packages="2" files="4" classes="4">
      <package name="src">
        <metrics statements="3" coveredstatements="0" conditionals="0" coveredconditionals="0" methods="3" coveredmethods="0"/>
        <file name="App.vue" path="/home/devuan/School/CST356/Week5/webapp/src/App.vue">
          <metrics statements="3" coveredstatements="0" conditionals="0" coveredconditionals="0" methods="3" coveredmethods="0"/>
          <line num="19" count="0" type="stmt"/>
          <line num="22" count="0" type="stmt"/>
          <line num="25" count="0" type="stmt"/>
        </file>
      </package>
      <package name="src.components">
        <metrics statements="14" coveredstatements="0" conditionals="0" coveredconditionals="0" methods="9" coveredmethods="0"/>
        <file name="Home.vue" path="/home/devuan/School/CST356/Week5/webapp/src/components/Home.vue">
          <metrics statements="1" coveredstatements="0" conditionals="0" coveredconditionals="0" methods="1" coveredmethods="0"/>
          <line num="28" count="0" type="stmt"/>
        </file>
        <file name="Person.vue" path="/home/devuan/School/CST356/Week5/webapp/src/components/Person.vue">
          <metrics statements="9" coveredstatements="0" conditionals="0" coveredconditionals="0" methods="5" coveredmethods="0"/>
          <line num="16" count="0" type="stmt"/>
          <line num="21" count="0" type="stmt"/>
          <line num="27" count="0" type="stmt"/>
          <line num="28" count="0" type="stmt"/>
          <line num="30" count="0" type="stmt"/>
          <line num="32" count="0" type="stmt"/>
          <line num="33" count="0" type="stmt"/>
          <line num="36" count="0" type="stmt"/>
          <line num="44" count="0" type="stmt"/>
        </file>
        <file name="Students.vue" path="/home/devuan/School/CST356/Week5/webapp/src/components/Students.vue">
          <metrics statements="4" coveredstatements="0" conditionals="0" coveredconditionals="0" methods="3" coveredmethods="0"/>
          <line num="30" count="0" type="stmt"/>
          <line num="33" count="0" type="stmt"/>
          <line num="42" count="0" type="stmt"/>
          <line num="46" count="0" type="stmt"/>
        </file>
      </package>
    </metrics>
  </project>
</coverage>
