TN:
SF:/home/devuan/School/CST356/Week5/webapp/src/App.vue
FN:18,goToHome
FN:21,goToStudents
FN:24,goToPerson
FNF:3
FNH:0
FNDA:0,goToHome
FNDA:0,goToStudents
FNDA:0,goToPerson
DA:19,0
DA:22,0
DA:25,0
LF:3
LH:0
BRF:0
BRH:0
end_of_record
TN:
SF:/home/devuan/School/CST356/Week5/webapp/src/components/Home.vue
FN:27,data
FNF:1
FNH:0
FNDA:0,data
DA:28,0
LF:1
LH:0
BRF:0
BRH:0
end_of_record
TN:
SF:/home/devuan/School/CST356/Week5/webapp/src/components/Person.vue
FN:20,data
FN:27,getPersons
FN:30,(anonymous_4)
FN:34,(anonymous_5)
FN:43,mounted
FNF:5
FNH:0
FNDA:0,data
FNDA:0,getPersons
FNDA:0,(anonymous_4)
FNDA:0,(anonymous_5)
FNDA:0,mounted
DA:16,0
DA:21,0
DA:27,0
DA:28,0
DA:30,0
DA:32,0
DA:33,0
DA:36,0
DA:44,0
LF:9
LH:0
BRF:0
BRH:0
end_of_record
TN:
SF:/home/devuan/School/CST356/Week5/webapp/src/components/Students.vue
FN:29,mounted
FN:32,data
FN:40,parseStudents
FNF:3
FNH:0
FNDA:0,mounted
FNDA:0,data
FNDA:0,parseStudents
DA:30,0
DA:33,0
DA:42,0
DA:46,0
LF:4
LH:0
BRF:0
BRH:0
end_of_record
